2023-06-22T04:55:24.960Z  error: Error ma'lumotlar
2023-06-22T04:57:06.404Z  error: Error ma'lumotlar
2023-06-22T04:57:06.404Z  error: Error ma'lumotlar
2023-06-22T04:57:11.151Z  error: Error ma'lumotlar
2023-06-22T04:57:11.149Z  info: Log ma'lumotlar
2023-06-22T04:57:11.151Z  error: Error ma'lumotlar
2023-06-22T04:57:11.151Z  warn: Warning ma'lumotlar
2023-06-22T04:57:11.152Z  info: Info ma'lumotlar
2023-06-22T04:57:15.493Z  error: Error ma'lumotlar
2023-06-22T04:57:19.702Z  error: Error ma'lumotlar
2023-06-22T04:57:54.021Z  error: Error ma'lumotlar
2023-06-22T04:57:57.244Z  error: Error ma'lumotlar
2023-06-22T05:03:56.292Z  error: Error ma'lumotlar
2023-06-22T05:06:19.596Z  error: Error ma'lumotlar
2023-06-22T05:06:21.737Z  error: Error ma'lumotlar
2023-06-22T05:06:23.299Z  error: Error ma'lumotlar
2023-06-22T05:06:26.074Z  error: Error ma'lumotlar
2023-06-22T05:06:40.068Z  error: Error ma'lumotlar
2023-06-22T05:06:47.787Z  error: Error ma'lumotlar
2023-06-22T05:09:29.915Z  error: Error ma'lumotlar
2023-06-22T05:10:58.584Z  error: Error ma'lumotlar
2023-06-22T05:12:12.137Z  error: Error ma'lumotlar
2023-06-22T05:14:43.605Z  error: Error ma'lumotlar
2023-06-22T05:15:19.888Z  error: Error ma'lumotlar
2023-06-22T05:19:21.472Z  error: Error ma'lumotlar
2023-06-22T05:33:15.444Z  error: Error ma'lumotlar
2023-06-22T05:33:31.578Z  error: Error ma'lumotlar
2023-06-22T05:34:18.192Z  error: Error ma'lumotlar
2023-06-22T05:39:08.110Z  error: Error ma'lumotlar
2023-06-22T05:40:06.591Z  error: Error ma'lumotlar
2023-06-22T05:40:51.820Z  error: Error ma'lumotlar
2023-06-22T05:43:41.437Z  error: Error ma'lumotlar
2023-06-22T05:44:24.318Z  error: Error ma'lumotlar
2023-06-22T05:44:26.726Z  error: Error ma'lumotlar
2023-06-22T05:44:30.731Z  error: Error ma'lumotlar
2023-06-22T05:44:34.803Z  error: Error ma'lumotlar
2023-06-22T05:44:41.060Z  error: Error ma'lumotlar
2023-06-22T05:44:42.054Z  error: Error ma'lumotlar
{"level":"error","message":"Error ma'lumotlar"}
{"level":"error","message":"Error ma'lumotlar"}
{"level":"error","message":"Error ma'lumotlar"}
{"level":"error","message":"Error ma'lumotlar"}
{"level":"error","message":"Error ma'lumotlar"}
{"level":"error","message":"Error ma'lumotlar"}
2023-06-22T05:54:26.094Z  error: Error ma'lumotlar
{"level":"error","message":"Error ma'lumotlar"}
{"level":"error","message":"Error ma'lumotlar"}
{"level":"error","message":"Error ma'lumotlar"}
{"level":"error","message":"Error ma'lumotlar"}
{"level":"error","message":"Error ma'lumotlar"}
{"level":"error","message":"Error ma'lumotlar"}
{"level":"error","message":"Error ma'lumotlar"}
{"level":"error","message":"Error ma'lumotlar"}
{"level":"error","message":"Error ma'lumotlar"}
{"level":"error","message":"Error ma'lumotlar"}
{"level":"error","message":"Error ma'lumotlar"}
{"level":"error","message":"Error ma'lumotlar"}
{"level":"error","message":"Error ma'lumotlar"}
{"level":"error","message":"Error ma'lumotlar"}
{"level":"error","message":"Error ma'lumotlar"}
{"level":"error","message":"Error ma'lumotlar"}
{"level":"error","message":"Error ma'lumotlar"}
{"level":"error","message":"Error ma'lumotlar"}
{"level":"error","message":"Error ma'lumotlar"}
{"level":"error","message":"Error ma'lumotlar"}
{"level":"error","message":"Error ma'lumotlar"}
{"level":"error","message":"Error ma'lumotlar"}
{"level":"error","message":"Error ma'lumotlar"}
{"level":"error","message":"Error ma'lumotlar"}
{"level":"error","message":"Error ma'lumotlar"}
{"level":"error","message":"Error ma'lumotlar"}
{"level":"error","message":"Error ma'lumotlar"}
{"level":"error","message":"Error ma'lumotlar"}
{"level":"error","message":"Error ma'lumotlar"}
{"level":"error","message":"Error ma'lumotlar"}
{"level":"error","message":"Error ma'lumotlar"}
{"level":"error","message":"Error ma'lumotlar"}
